[INFO  - 2016-08-10T04:48:46.464Z] GhostDriver - Main - running on port 46884
[INFO  - 2016-08-10T04:48:46.589Z] Session [b8ea4070-5eb5-11e6-a779-e56825555de9] - page.settings - {"XSSAuditingEnabled":false,"javascriptCanCloseWindows":true,"javascriptCanOpenWindows":true,"javascriptEnabled":true,"loadImages":true,"localToRemoteUrlAccessEnabled":false,"userAgent":"Mozilla/5.0 (Macintosh; Intel Mac OS X) AppleWebKit/538.1 (KHTML, like Gecko) PhantomJS/2.1.1 Safari/538.1","webSecurityEnabled":true}
[INFO  - 2016-08-10T04:48:46.589Z] Session [b8ea4070-5eb5-11e6-a779-e56825555de9] - page.customHeaders:  - {}
[INFO  - 2016-08-10T04:48:46.589Z] Session [b8ea4070-5eb5-11e6-a779-e56825555de9] - Session.negotiatedCapabilities - {"browserName":"phantomjs","version":"2.1.1","driverName":"ghostdriver","driverVersion":"1.2.0","platform":"mac-10.11 (El Capitan)-64bit","javascriptEnabled":true,"takesScreenshot":true,"handlesAlerts":false,"databaseEnabled":false,"locationContextEnabled":false,"applicationCacheEnabled":false,"browserConnectionEnabled":false,"cssSelectorsEnabled":true,"webStorageEnabled":false,"rotatable":false,"acceptSslCerts":false,"nativeEvents":true,"proxy":{"proxyType":"direct"}}
[INFO  - 2016-08-10T04:48:46.589Z] SessionManagerReqHand - _postNewSessionCommand - New Session Created: b8ea4070-5eb5-11e6-a779-e56825555de9
[INFO  - 2016-08-10T04:48:47.736Z] ShutdownReqHand - _handle - About to shutdown
[INFO  - 2016-08-10T04:48:49.306Z] GhostDriver - Main - running on port 46630
[INFO  - 2016-08-10T04:48:49.482Z] Session [baa42570-5eb5-11e6-b6f4-a368050e2a43] - page.settings - {"XSSAuditingEnabled":false,"javascriptCanCloseWindows":true,"javascriptCanOpenWindows":true,"javascriptEnabled":true,"loadImages":true,"localToRemoteUrlAccessEnabled":false,"userAgent":"Mozilla/5.0 (Macintosh; Intel Mac OS X) AppleWebKit/538.1 (KHTML, like Gecko) PhantomJS/2.1.1 Safari/538.1","webSecurityEnabled":true}
[INFO  - 2016-08-10T04:48:49.482Z] Session [baa42570-5eb5-11e6-b6f4-a368050e2a43] - page.customHeaders:  - {}
[INFO  - 2016-08-10T04:48:49.483Z] Session [baa42570-5eb5-11e6-b6f4-a368050e2a43] - Session.negotiatedCapabilities - {"browserName":"phantomjs","version":"2.1.1","driverName":"ghostdriver","driverVersion":"1.2.0","platform":"mac-10.11 (El Capitan)-64bit","javascriptEnabled":true,"takesScreenshot":true,"handlesAlerts":false,"databaseEnabled":false,"locationContextEnabled":false,"applicationCacheEnabled":false,"browserConnectionEnabled":false,"cssSelectorsEnabled":true,"webStorageEnabled":false,"rotatable":false,"acceptSslCerts":false,"nativeEvents":true,"proxy":{"proxyType":"direct"}}
[INFO  - 2016-08-10T04:48:49.483Z] SessionManagerReqHand - _postNewSessionCommand - New Session Created: baa42570-5eb5-11e6-b6f4-a368050e2a43
[INFO  - 2016-08-10T04:48:51.013Z] ShutdownReqHand - _handle - About to shutdown
[INFO  - 2016-08-10T04:48:51.573Z] GhostDriver - Main - running on port 9957
[INFO  - 2016-08-10T04:48:51.764Z] Session [bc000bf0-5eb5-11e6-930f-37dbcdbbfad1] - page.settings - {"XSSAuditingEnabled":false,"javascriptCanCloseWindows":true,"javascriptCanOpenWindows":true,"javascriptEnabled":true,"loadImages":true,"localToRemoteUrlAccessEnabled":false,"userAgent":"Mozilla/5.0 (Macintosh; Intel Mac OS X) AppleWebKit/538.1 (KHTML, like Gecko) PhantomJS/2.1.1 Safari/538.1","webSecurityEnabled":true}
[INFO  - 2016-08-10T04:48:51.764Z] Session [bc000bf0-5eb5-11e6-930f-37dbcdbbfad1] - page.customHeaders:  - {}
[INFO  - 2016-08-10T04:48:51.764Z] Session [bc000bf0-5eb5-11e6-930f-37dbcdbbfad1] - Session.negotiatedCapabilities - {"browserName":"phantomjs","version":"2.1.1","driverName":"ghostdriver","driverVersion":"1.2.0","platform":"mac-10.11 (El Capitan)-64bit","javascriptEnabled":true,"takesScreenshot":true,"handlesAlerts":false,"databaseEnabled":false,"locationContextEnabled":false,"applicationCacheEnabled":false,"browserConnectionEnabled":false,"cssSelectorsEnabled":true,"webStorageEnabled":false,"rotatable":false,"acceptSslCerts":false,"nativeEvents":true,"proxy":{"proxyType":"direct"}}
[INFO  - 2016-08-10T04:48:51.764Z] SessionManagerReqHand - _postNewSessionCommand - New Session Created: bc000bf0-5eb5-11e6-930f-37dbcdbbfad1
[INFO  - 2016-08-10T04:48:52.530Z] ShutdownReqHand - _handle - About to shutdown
[INFO  - 2016-08-10T04:48:53.111Z] GhostDriver - Main - running on port 10905
[INFO  - 2016-08-10T04:48:53.282Z] Session [bce7d3e0-5eb5-11e6-874a-55c109c9f4d7] - page.settings - {"XSSAuditingEnabled":false,"javascriptCanCloseWindows":true,"javascriptCanOpenWindows":true,"javascriptEnabled":true,"loadImages":true,"localToRemoteUrlAccessEnabled":false,"userAgent":"Mozilla/5.0 (Macintosh; Intel Mac OS X) AppleWebKit/538.1 (KHTML, like Gecko) PhantomJS/2.1.1 Safari/538.1","webSecurityEnabled":true}
[INFO  - 2016-08-10T04:48:53.282Z] Session [bce7d3e0-5eb5-11e6-874a-55c109c9f4d7] - page.customHeaders:  - {}
[INFO  - 2016-08-10T04:48:53.282Z] Session [bce7d3e0-5eb5-11e6-874a-55c109c9f4d7] - Session.negotiatedCapabilities - {"browserName":"phantomjs","version":"2.1.1","driverName":"ghostdriver","driverVersion":"1.2.0","platform":"mac-10.11 (El Capitan)-64bit","javascriptEnabled":true,"takesScreenshot":true,"handlesAlerts":false,"databaseEnabled":false,"locationContextEnabled":false,"applicationCacheEnabled":false,"browserConnectionEnabled":false,"cssSelectorsEnabled":true,"webStorageEnabled":false,"rotatable":false,"acceptSslCerts":false,"nativeEvents":true,"proxy":{"proxyType":"direct"}}
[INFO  - 2016-08-10T04:48:53.282Z] SessionManagerReqHand - _postNewSessionCommand - New Session Created: bce7d3e0-5eb5-11e6-874a-55c109c9f4d7
[INFO  - 2016-08-10T04:48:54.814Z] ShutdownReqHand - _handle - About to shutdown
[INFO  - 2016-08-10T04:48:55.494Z] GhostDriver - Main - running on port 33586
[INFO  - 2016-08-10T04:48:55.576Z] Session [be45dd40-5eb5-11e6-bc8c-db828e371f48] - page.settings - {"XSSAuditingEnabled":false,"javascriptCanCloseWindows":true,"javascriptCanOpenWindows":true,"javascriptEnabled":true,"loadImages":true,"localToRemoteUrlAccessEnabled":false,"userAgent":"Mozilla/5.0 (Macintosh; Intel Mac OS X) AppleWebKit/538.1 (KHTML, like Gecko) PhantomJS/2.1.1 Safari/538.1","webSecurityEnabled":true}
[INFO  - 2016-08-10T04:48:55.576Z] Session [be45dd40-5eb5-11e6-bc8c-db828e371f48] - page.customHeaders:  - {}
[INFO  - 2016-08-10T04:48:55.576Z] Session [be45dd40-5eb5-11e6-bc8c-db828e371f48] - Session.negotiatedCapabilities - {"browserName":"phantomjs","version":"2.1.1","driverName":"ghostdriver","driverVersion":"1.2.0","platform":"mac-10.11 (El Capitan)-64bit","javascriptEnabled":true,"takesScreenshot":true,"handlesAlerts":false,"databaseEnabled":false,"locationContextEnabled":false,"applicationCacheEnabled":false,"browserConnectionEnabled":false,"cssSelectorsEnabled":true,"webStorageEnabled":false,"rotatable":false,"acceptSslCerts":false,"nativeEvents":true,"proxy":{"proxyType":"direct"}}
[INFO  - 2016-08-10T04:48:55.576Z] SessionManagerReqHand - _postNewSessionCommand - New Session Created: be45dd40-5eb5-11e6-bc8c-db828e371f48
[INFO  - 2016-08-10T04:48:56.574Z] ShutdownReqHand - _handle - About to shutdown
[INFO  - 2016-08-10T04:48:57.228Z] GhostDriver - Main - running on port 3293
[INFO  - 2016-08-10T04:48:57.326Z] Session [bf510bb0-5eb5-11e6-a16a-6fde8ecfcf4b] - page.settings - {"XSSAuditingEnabled":false,"javascriptCanCloseWindows":true,"javascriptCanOpenWindows":true,"javascriptEnabled":true,"loadImages":true,"localToRemoteUrlAccessEnabled":false,"userAgent":"Mozilla/5.0 (Macintosh; Intel Mac OS X) AppleWebKit/538.1 (KHTML, like Gecko) PhantomJS/2.1.1 Safari/538.1","webSecurityEnabled":true}
[INFO  - 2016-08-10T04:48:57.326Z] Session [bf510bb0-5eb5-11e6-a16a-6fde8ecfcf4b] - page.customHeaders:  - {}
[INFO  - 2016-08-10T04:48:57.327Z] Session [bf510bb0-5eb5-11e6-a16a-6fde8ecfcf4b] - Session.negotiatedCapabilities - {"browserName":"phantomjs","version":"2.1.1","driverName":"ghostdriver","driverVersion":"1.2.0","platform":"mac-10.11 (El Capitan)-64bit","javascriptEnabled":true,"takesScreenshot":true,"handlesAlerts":false,"databaseEnabled":false,"locationContextEnabled":false,"applicationCacheEnabled":false,"browserConnectionEnabled":false,"cssSelectorsEnabled":true,"webStorageEnabled":false,"rotatable":false,"acceptSslCerts":false,"nativeEvents":true,"proxy":{"proxyType":"direct"}}
[INFO  - 2016-08-10T04:48:57.327Z] SessionManagerReqHand - _postNewSessionCommand - New Session Created: bf510bb0-5eb5-11e6-a16a-6fde8ecfcf4b
[INFO  - 2016-08-10T04:48:57.718Z] ShutdownReqHand - _handle - About to shutdown
[INFO  - 2016-08-10T04:48:58.933Z] GhostDriver - Main - running on port 32786
[INFO  - 2016-08-10T04:48:59.066Z] Session [c05a6560-5eb5-11e6-a587-d17a98065415] - page.settings - {"XSSAuditingEnabled":false,"javascriptCanCloseWindows":true,"javascriptCanOpenWindows":true,"javascriptEnabled":true,"loadImages":true,"localToRemoteUrlAccessEnabled":false,"userAgent":"Mozilla/5.0 (Macintosh; Intel Mac OS X) AppleWebKit/538.1 (KHTML, like Gecko) PhantomJS/2.1.1 Safari/538.1","webSecurityEnabled":true}
[INFO  - 2016-08-10T04:48:59.066Z] Session [c05a6560-5eb5-11e6-a587-d17a98065415] - page.customHeaders:  - {}
[INFO  - 2016-08-10T04:48:59.066Z] Session [c05a6560-5eb5-11e6-a587-d17a98065415] - Session.negotiatedCapabilities - {"browserName":"phantomjs","version":"2.1.1","driverName":"ghostdriver","driverVersion":"1.2.0","platform":"mac-10.11 (El Capitan)-64bit","javascriptEnabled":true,"takesScreenshot":true,"handlesAlerts":false,"databaseEnabled":false,"locationContextEnabled":false,"applicationCacheEnabled":false,"browserConnectionEnabled":false,"cssSelectorsEnabled":true,"webStorageEnabled":false,"rotatable":false,"acceptSslCerts":false,"nativeEvents":true,"proxy":{"proxyType":"direct"}}
[INFO  - 2016-08-10T04:48:59.066Z] SessionManagerReqHand - _postNewSessionCommand - New Session Created: c05a6560-5eb5-11e6-a587-d17a98065415
[INFO  - 2016-08-10T04:49:01.601Z] ShutdownReqHand - _handle - About to shutdown
[INFO  - 2016-08-10T04:49:02.711Z] GhostDriver - Main - running on port 17483
[INFO  - 2016-08-10T04:49:02.859Z] Session [c29d2970-5eb5-11e6-82c8-13085eebdaf5] - page.settings - {"XSSAuditingEnabled":false,"javascriptCanCloseWindows":true,"javascriptCanOpenWindows":true,"javascriptEnabled":true,"loadImages":true,"localToRemoteUrlAccessEnabled":false,"userAgent":"Mozilla/5.0 (Macintosh; Intel Mac OS X) AppleWebKit/538.1 (KHTML, like Gecko) PhantomJS/2.1.1 Safari/538.1","webSecurityEnabled":true}
[INFO  - 2016-08-10T04:49:02.859Z] Session [c29d2970-5eb5-11e6-82c8-13085eebdaf5] - page.customHeaders:  - {}
[INFO  - 2016-08-10T04:49:02.859Z] Session [c29d2970-5eb5-11e6-82c8-13085eebdaf5] - Session.negotiatedCapabilities - {"browserName":"phantomjs","version":"2.1.1","driverName":"ghostdriver","driverVersion":"1.2.0","platform":"mac-10.11 (El Capitan)-64bit","javascriptEnabled":true,"takesScreenshot":true,"handlesAlerts":false,"databaseEnabled":false,"locationContextEnabled":false,"applicationCacheEnabled":false,"browserConnectionEnabled":false,"cssSelectorsEnabled":true,"webStorageEnabled":false,"rotatable":false,"acceptSslCerts":false,"nativeEvents":true,"proxy":{"proxyType":"direct"}}
[INFO  - 2016-08-10T04:49:02.859Z] SessionManagerReqHand - _postNewSessionCommand - New Session Created: c29d2970-5eb5-11e6-82c8-13085eebdaf5
[INFO  - 2016-08-10T04:49:03.875Z] ShutdownReqHand - _handle - About to shutdown
